server/build/outputs/logs/manifest-merger-debug-report.txt
-- Merging decision tree log ---
manifest
ADDED from src\main\AndroidManifest.xml:2:1-44:12
INJECTED from src\main\AndroidManifest.xml:2:1-44:12
INJECTED from src\main\AndroidManifest.xml:2:1-44:12
INJECTED from src\main\AndroidManifest.xml:2:1-44:12
INJECTED from src\main\AndroidManifest.xml:2:1-44:12
INJECTED from src\main\AndroidManifest.xml:2:1-44:12
INJECTED from src\main\AndroidManifest.xml:2:1-44:12
	package
		ADDED from src\main\AndroidManifest.xml:3:5-48
		INJECTED from src\main\AndroidManifest.xml
		INJECTED from src\main\AndroidManifest.xml
	android:versionName
		INJECTED from src\main\AndroidManifest.xml
		ADDED from src\main\AndroidManifest.xml:2:1-44:12
		INJECTED from src\main\AndroidManifest.xml
	android:versionCode
		INJECTED from src\main\AndroidManifest.xml
		ADDED from src\main\AndroidManifest.xml:2:1-44:12
		INJECTED from src\main\AndroidManifest.xml
	xmlns:android
		ADDED from src\main\AndroidManifest.xml:2:11-69
application
ADDED from src\main\AndroidManifest.xml:5:5-42:19
	android:supportsRtl
		ADDED from src\main\AndroidManifest.xml:10:9-35
	android:label
		ADDED from src\main\AndroidManifest.xml:8:9-41
	android:roundIcon
		ADDED from src\main\AndroidManifest.xml:9:9-54
	android:icon
		ADDED from src\main\AndroidManifest.xml:7:9-43
	android:allowBackup
		ADDED from src\main\AndroidManifest.xml:6:9-35
	android:theme
		ADDED from src\main\AndroidManifest.xml:11:9-40
activity#com.example.songzeceng.studyofipc.MainActivity
ADDED from src\main\AndroidManifest.xml:12:9-59
	android:name
		ADDED from src\main\AndroidManifest.xml:12:19-47
service#com.example.songzeceng.studyofipc.PeopleService
ADDED from src\main\AndroidManifest.xml:14:9-22:19
	android:process
		ADDED from src\main\AndroidManifest.xml:17:13-38
	android:exported
		ADDED from src\main\AndroidManifest.xml:16:13-36
	android:name
		ADDED from src\main\AndroidManifest.xml:15:13-42
intent-filter#android.intent.category.DEFAULT+com.example.songzeceng
ADDED from src\main\AndroidManifest.xml:18:13-21:29
action#com.example.songzeceng
ADDED from src\main\AndroidManifest.xml:19:17-72
	android:name
		ADDED from src\main\AndroidManifest.xml:19:25-62
category#android.intent.category.DEFAULT
ADDED from src\main\AndroidManifest.xml:20:17-76
	android:name
		ADDED from src\main\AndroidManifest.xml:20:27-73
service#com.example.songzeceng.studyofipc.MessengerService
ADDED from src\main\AndroidManifest.xml:24:9-32:19
	android:process
		ADDED from src\main\AndroidManifest.xml:27:13-38
	android:exported
		ADDED from src\main\AndroidManifest.xml:26:13-36
	android:name
		ADDED from src\main\AndroidManifest.xml:25:13-45
intent-filter#android.intent.category.DEFAULT+com.example.songzeceng.Messenger
ADDED from src\main\AndroidManifest.xml:28:13-31:29
action#com.example.songzeceng.Messenger
ADDED from src\main\AndroidManifest.xml:29:17-82
	android:name
		ADDED from src\main\AndroidManifest.xml:29:25-72
provider#com.example.songzeceng.studyofipc.PersonProvider
ADDED from src\main\AndroidManifest.xml:34:9-41:20
	android:process
		ADDED from src\main\AndroidManifest.xml:39:13-40
	android:grantUriPermissions
		ADDED from src\main\AndroidManifest.xml:38:13-47
	android:authorities
		ADDED from src\main\AndroidManifest.xml:36:13-72
	android:exported
		ADDED from src\main\AndroidManifest.xml:37:13-36
	android:name
		ADDED from src\main\AndroidManifest.xml:35:13-43
uses-sdk
INJECTED from src\main\AndroidManifest.xml reason: use-sdk injection requested
INJECTED from src\main\AndroidManifest.xml
INJECTED from src\main\AndroidManifest.xml
INJECTED from src\main\AndroidManifest.xml
INJECTED from src\main\AndroidManifest.xml
	android:targetSdkVersion
		INJECTED from src\main\AndroidManifest.xml
		ADDED from src\main\AndroidManifest.xml
		INJECTED from src\main\AndroidManifest.xml
	android:minSdkVersion
		INJECTED from src\main\AndroidManifest.xml
		ADDED from src\main\AndroidManifest.xml
		INJECTED from src\main\AndroidManifest.xml